{
  "stats": {
    "suites": 1,
    "tests": 2,
    "passes": 2,
    "pending": 0,
    "failures": 0,
    "start": "2021-11-22T17:37:05.299Z",
    "end": "2021-11-22T17:37:22.633Z",
    "duration": 17334,
    "testsRegistered": 2,
    "passPercent": 100,
    "pendingPercent": 0,
    "other": 0,
    "hasOther": false,
    "skipped": 0,
    "hasSkipped": false
  },
  "results": [
    {
      "uuid": "ff84ab9f-516f-4a67-bbc6-427a8524f3b6",
      "title": "",
      "fullFile": "cypress/integration/comentario.spec.js",
      "file": "cypress/integration/comentario.spec.js",
      "beforeHooks": [],
      "afterHooks": [],
      "tests": [],
      "suites": [
        {
          "uuid": "75a6e23b-c880-4d8c-9999-1c80cc97b359",
          "title": "Incluir comentario",
          "fullFile": "",
          "file": "",
          "beforeHooks": [],
          "afterHooks": [],
          "tests": [
            {
              "title": "Incluir comentario em artigo",
              "fullTitle": "Incluir comentario Incluir comentario em artigo",
              "timedOut": null,
              "duration": 9313,
              "state": "passed",
              "speed": "slow",
              "pass": true,
              "fail": false,
              "pending": false,
              "context": null,
              "code": "const comment = 'Comentario' + new Date().getTime(); //Comentario\ncy.get('textarea[placeholder]').type(comment);\ncy.contains('button', 'Post Comment').click();\ncy.get('p[ng-bind]').should('contain', comment);",
              "err": {},
              "uuid": "5745950e-b3dd-4cc4-8d2c-637ed7d944ac",
              "parentUUID": "75a6e23b-c880-4d8c-9999-1c80cc97b359",
              "isHook": false,
              "skipped": false
            },
            {
              "title": "Excluir comentario",
              "fullTitle": "Incluir comentario Excluir comentario",
              "timedOut": null,
              "duration": 7963,
              "state": "passed",
              "speed": "slow",
              "pass": true,
              "fail": false,
              "pending": false,
              "context": null,
              "code": "const comment = 'Comentario' + new Date().getTime(); //Comentario\ncy.get('textarea[placeholder]').type(comment);\ncy.contains('button', 'Post Comment').click();\ncy.get('p[ng-bind]').should('contain', comment); //Excluir\ncy.get('.mod-options > .ion-trash-a').click();\ncy.get('p[ng-bind]').not('.visible');",
              "err": {},
              "uuid": "851c70ad-f2c3-485c-80f3-629af8eccaec",
              "parentUUID": "75a6e23b-c880-4d8c-9999-1c80cc97b359",
              "isHook": false,
              "skipped": false
            }
          ],
          "suites": [],
          "passes": [
            "5745950e-b3dd-4cc4-8d2c-637ed7d944ac",
            "851c70ad-f2c3-485c-80f3-629af8eccaec"
          ],
          "failures": [],
          "pending": [],
          "skipped": [],
          "duration": 17276,
          "root": false,
          "rootEmpty": false,
          "_timeout": 2000
        }
      ],
      "passes": [],
      "failures": [],
      "pending": [],
      "skipped": [],
      "duration": 0,
      "root": true,
      "rootEmpty": true,
      "_timeout": 2000
    }
  ],
  "meta": {
    "mocha": {
      "version": "7.0.1"
    },
    "mochawesome": {
      "options": {
        "quiet": true,
        "reportFilename": "mochawesome",
        "saveHtml": false,
        "saveJson": true,
        "consoleReporter": "spec",
        "useInlineDiffs": false,
        "code": true
      },
      "version": "7.0.1"
    },
    "marge": {
      "options": {
        "id": "default",
        "reportDir": "mochawesome-report",
        "quiet": true,
        "overwrite": false,
        "html": false,
        "json": true
      },
      "version": "6.0.1"
    }
  }
}