{
  "stats": {
    "suites": 1,
    "tests": 2,
    "passes": 2,
    "pending": 0,
    "failures": 0,
    "start": "2021-11-22T16:55:49.248Z",
    "end": "2021-11-22T16:56:06.773Z",
    "duration": 17525,
    "testsRegistered": 2,
    "passPercent": 100,
    "pendingPercent": 0,
    "other": 0,
    "hasOther": false,
    "skipped": 0,
    "hasSkipped": false
  },
  "results": [
    {
      "uuid": "1f923063-c796-436a-9c7d-bfdcb4fba00c",
      "title": "",
      "fullFile": "cypress/integration/comentario.spec.js",
      "file": "cypress/integration/comentario.spec.js",
      "beforeHooks": [],
      "afterHooks": [],
      "tests": [],
      "suites": [
        {
          "uuid": "3ddce223-f496-40a9-b9c3-468aec13c66d",
          "title": "Incluir comentario",
          "fullFile": "",
          "file": "",
          "beforeHooks": [],
          "afterHooks": [],
          "tests": [
            {
              "title": "Incluir comentario em artigo",
              "fullTitle": "Incluir comentario Incluir comentario em artigo",
              "timedOut": null,
              "duration": 9818,
              "state": "passed",
              "speed": "slow",
              "pass": true,
              "fail": false,
              "pending": false,
              "context": null,
              "code": "const comment = 'Comentario' + new Date().getTime(); //Comentario\ncy.get('textarea[placeholder]').type(comment);\ncy.contains('button', 'Post Comment').click();\ncy.get('p[ng-bind]').should('contain', comment);",
              "err": {},
              "uuid": "5a39ebe5-06d7-46c2-b0ec-481c90ae4a0f",
              "parentUUID": "3ddce223-f496-40a9-b9c3-468aec13c66d",
              "isHook": false,
              "skipped": false
            },
            {
              "title": "Excluir comentario",
              "fullTitle": "Incluir comentario Excluir comentario",
              "timedOut": null,
              "duration": 7660,
              "state": "passed",
              "speed": "slow",
              "pass": true,
              "fail": false,
              "pending": false,
              "context": null,
              "code": "const comment = 'Comentario' + new Date().getTime(); //Comentario\ncy.get('textarea[placeholder]').type(comment);\ncy.contains('button', 'Post Comment').click();\ncy.get('p[ng-bind]').should('contain', comment); //Excluir\ncy.get('.mod-options > .ion-trash-a').click();\ncy.get('p[ng-bind]').not('.visible');",
              "err": {},
              "uuid": "d45484c2-a134-460e-84f2-591016ed8984",
              "parentUUID": "3ddce223-f496-40a9-b9c3-468aec13c66d",
              "isHook": false,
              "skipped": false
            }
          ],
          "suites": [],
          "passes": [
            "5a39ebe5-06d7-46c2-b0ec-481c90ae4a0f",
            "d45484c2-a134-460e-84f2-591016ed8984"
          ],
          "failures": [],
          "pending": [],
          "skipped": [],
          "duration": 17478,
          "root": false,
          "rootEmpty": false,
          "_timeout": 2000
        }
      ],
      "passes": [],
      "failures": [],
      "pending": [],
      "skipped": [],
      "duration": 0,
      "root": true,
      "rootEmpty": true,
      "_timeout": 2000
    }
  ],
  "meta": {
    "mocha": {
      "version": "7.0.1"
    },
    "mochawesome": {
      "options": {
        "quiet": true,
        "reportFilename": "mochawesome",
        "saveHtml": false,
        "saveJson": true,
        "consoleReporter": "spec",
        "useInlineDiffs": false,
        "code": true
      },
      "version": "7.0.1"
    },
    "marge": {
      "options": {
        "id": "default",
        "reportDir": "mochawesome-report",
        "quiet": true,
        "overwrite": false,
        "html": false,
        "json": true
      },
      "version": "6.0.1"
    }
  }
}