{
  "stats": {
    "suites": 1,
    "tests": 1,
    "passes": 0,
    "pending": 2,
    "failures": -1,
    "start": "2021-11-22T19:36:26.247Z",
    "end": "2021-11-22T19:36:26.296Z",
    "duration": 49,
    "testsRegistered": 2,
    "passPercent": null,
    "pendingPercent": 100,
    "other": 1,
    "hasOther": true,
    "skipped": 0,
    "hasSkipped": false
  },
  "results": [
    {
      "uuid": "73d028ab-626d-4889-90f1-53ec310ff454",
      "title": "",
      "fullFile": "cypress/integration/comentario.spec.js",
      "file": "cypress/integration/comentario.spec.js",
      "beforeHooks": [],
      "afterHooks": [],
      "tests": [],
      "suites": [
        {
          "uuid": "2b2c7e5d-e99d-41b7-aa99-9af4abcae9fa",
          "title": "Incluir comentario",
          "fullFile": "",
          "file": "",
          "beforeHooks": [],
          "afterHooks": [],
          "tests": [
            {
              "title": "Incluir comentario em artigo",
              "fullTitle": "Incluir comentario Incluir comentario em artigo",
              "timedOut": null,
              "duration": 0,
              "state": "pending",
              "speed": null,
              "pass": false,
              "fail": false,
              "pending": true,
              "context": null,
              "code": "",
              "err": {},
              "uuid": "5e34cfda-8a39-489a-ba47-425929168067",
              "parentUUID": "2b2c7e5d-e99d-41b7-aa99-9af4abcae9fa",
              "isHook": false,
              "skipped": false
            },
            {
              "title": "Excluir comentario",
              "fullTitle": "Incluir comentario Excluir comentario",
              "timedOut": null,
              "duration": 0,
              "state": "pending",
              "speed": null,
              "pass": false,
              "fail": false,
              "pending": true,
              "context": null,
              "code": "",
              "err": {},
              "uuid": "f392a9bc-7fc3-4d5f-95f9-79a30c94b825",
              "parentUUID": "2b2c7e5d-e99d-41b7-aa99-9af4abcae9fa",
              "isHook": false,
              "skipped": false
            }
          ],
          "suites": [],
          "passes": [],
          "failures": [],
          "pending": [
            "5e34cfda-8a39-489a-ba47-425929168067",
            "f392a9bc-7fc3-4d5f-95f9-79a30c94b825"
          ],
          "skipped": [],
          "duration": 0,
          "root": false,
          "rootEmpty": false,
          "_timeout": 2000
        }
      ],
      "passes": [],
      "failures": [],
      "pending": [],
      "skipped": [],
      "duration": 0,
      "root": true,
      "rootEmpty": true,
      "_timeout": 2000
    }
  ],
  "meta": {
    "mocha": {
      "version": "7.0.1"
    },
    "mochawesome": {
      "options": {
        "quiet": true,
        "reportFilename": "mochawesome",
        "saveHtml": false,
        "saveJson": true,
        "consoleReporter": "spec",
        "useInlineDiffs": false,
        "code": true
      },
      "version": "7.0.1"
    },
    "marge": {
      "options": {
        "id": "default",
        "reportDir": "mochawesome-report",
        "quiet": true,
        "overwrite": false,
        "html": false,
        "json": true
      },
      "version": "6.0.1"
    }
  }
}