{
  "stats": {
    "suites": 1,
    "tests": 2,
    "passes": 2,
    "pending": 0,
    "failures": 0,
    "start": "2021-11-22T16:55:37.706Z",
    "end": "2021-11-22T16:55:44.021Z",
    "duration": 6315,
    "testsRegistered": 2,
    "passPercent": 100,
    "pendingPercent": 0,
    "other": 0,
    "hasOther": false,
    "skipped": 0,
    "hasSkipped": false
  },
  "results": [
    {
      "uuid": "4d23dcfe-5e56-463c-befc-628c4692706f",
      "title": "",
      "fullFile": "cypress/integration/cadastro.spec.js",
      "file": "cypress/integration/cadastro.spec.js",
      "beforeHooks": [],
      "afterHooks": [],
      "tests": [],
      "suites": [
        {
          "uuid": "234688fe-d5fe-4c62-b021-6f212fedf142",
          "title": "Cadastro",
          "fullFile": "",
          "file": "",
          "beforeHooks": [],
          "afterHooks": [],
          "tests": [
            {
              "title": "Cadastro de usuario com credenciais validas",
              "fullTitle": "Cadastro Cadastro de usuario com credenciais validas",
              "timedOut": null,
              "duration": 3906,
              "state": "passed",
              "speed": "slow",
              "pass": true,
              "fail": false,
              "pending": false,
              "context": null,
              "code": "cy.intercept({\n  method: 'POST',\n  pathname: '/api/users'\n}, {\n  statusCode: 200,\n  fixture: 'cadastro-sucesso'\n}).as('postUsers');\ncy.get('[ng-model$=username]').type('Laura Vieira');\ncy.get('[ng-model$=email]').type('cypress@mail.com');\ncy.get('[ng-model$=password]').type('cypress123');\ncy.contains('button', 'Sign up').click();\ncy.wait('@postUsers');",
              "err": {},
              "uuid": "5885d698-76ef-4fca-a5a7-2b48b2f46449",
              "parentUUID": "234688fe-d5fe-4c62-b021-6f212fedf142",
              "isHook": false,
              "skipped": false
            },
            {
              "title": "Cadastro de usuário com credenciais invalidas",
              "fullTitle": "Cadastro Cadastro de usuário com credenciais invalidas",
              "timedOut": null,
              "duration": 2341,
              "state": "passed",
              "speed": "slow",
              "pass": true,
              "fail": false,
              "pending": false,
              "context": null,
              "code": "cy.intercept({\n  method: 'POST',\n  pathname: '/api/users'\n}, {\n  statusCode: 422,\n  fixture: 'cadastro-invalido'\n}).as('postUsers');\ncy.get('[ng-model$=username]').type('Laura Vieira');\ncy.get('[ng-model$=email]').type('cypress@mail.com');\ncy.get('[ng-model$=password]').type('cypress123');\ncy.contains('button', 'Sign up').click();\ncy.get('.error-messages').should('contain', 'email has already been taken');",
              "err": {},
              "uuid": "2e028ab5-3cc9-4d04-bc9d-514f23744f9b",
              "parentUUID": "234688fe-d5fe-4c62-b021-6f212fedf142",
              "isHook": false,
              "skipped": false
            }
          ],
          "suites": [],
          "passes": [
            "5885d698-76ef-4fca-a5a7-2b48b2f46449",
            "2e028ab5-3cc9-4d04-bc9d-514f23744f9b"
          ],
          "failures": [],
          "pending": [],
          "skipped": [],
          "duration": 6247,
          "root": false,
          "rootEmpty": false,
          "_timeout": 2000
        }
      ],
      "passes": [],
      "failures": [],
      "pending": [],
      "skipped": [],
      "duration": 0,
      "root": true,
      "rootEmpty": true,
      "_timeout": 2000
    }
  ],
  "meta": {
    "mocha": {
      "version": "7.0.1"
    },
    "mochawesome": {
      "options": {
        "quiet": true,
        "reportFilename": "mochawesome",
        "saveHtml": false,
        "saveJson": true,
        "consoleReporter": "spec",
        "useInlineDiffs": false,
        "code": true
      },
      "version": "7.0.1"
    },
    "marge": {
      "options": {
        "id": "default",
        "reportDir": "mochawesome-report",
        "quiet": true,
        "overwrite": false,
        "html": false,
        "json": true
      },
      "version": "6.0.1"
    }
  }
}