{
  "stats": {
    "suites": 1,
    "tests": 2,
    "passes": 2,
    "pending": 0,
    "failures": 0,
    "start": "2021-11-21T23:14:56.257Z",
    "end": "2021-11-21T23:15:02.983Z",
    "duration": 6726,
    "testsRegistered": 2,
    "passPercent": 100,
    "pendingPercent": 0,
    "other": 0,
    "hasOther": false,
    "skipped": 0,
    "hasSkipped": false
  },
  "results": [
    {
      "uuid": "b8f7cad9-eb1b-4fd2-bbb7-9c20bd1fa6ca",
      "title": "",
      "fullFile": "cypress/integration/cadastro.spec.js",
      "file": "cypress/integration/cadastro.spec.js",
      "beforeHooks": [],
      "afterHooks": [],
      "tests": [],
      "suites": [
        {
          "uuid": "636104c1-0562-4b2d-a45a-618d68fbf505",
          "title": "Cadastro",
          "fullFile": "",
          "file": "",
          "beforeHooks": [],
          "afterHooks": [],
          "tests": [
            {
              "title": "Cadastro de usuario com credenciais validas",
              "fullTitle": "Cadastro Cadastro de usuario com credenciais validas",
              "timedOut": null,
              "duration": 3908,
              "state": "passed",
              "speed": "slow",
              "pass": true,
              "fail": false,
              "pending": false,
              "context": null,
              "code": "cy.intercept({\n  method: 'POST',\n  pathname: '/api/users'\n}, {\n  statusCode: 200,\n  fixture: 'cadastro-sucesso'\n}).as('postUsers');\ncy.get('[ng-model$=username]').type('Laura Vieira');\ncy.get('[ng-model$=email]').type('cypress@mail.com');\ncy.get('[ng-model$=password]').type('cypress123');\ncy.contains('button', 'Sign up').click();\ncy.wait('@postUsers');",
              "err": {},
              "uuid": "874b9b23-2172-4322-ae4c-b8ff4843ec1a",
              "parentUUID": "636104c1-0562-4b2d-a45a-618d68fbf505",
              "isHook": false,
              "skipped": false
            },
            {
              "title": "Cadastro de usuário com credenciais invalidas",
              "fullTitle": "Cadastro Cadastro de usuário com credenciais invalidas",
              "timedOut": null,
              "duration": 2753,
              "state": "passed",
              "speed": "slow",
              "pass": true,
              "fail": false,
              "pending": false,
              "context": null,
              "code": "cy.intercept({\n  method: 'POST',\n  pathname: '/api/users'\n}, {\n  statusCode: 422,\n  fixture: 'cadastro-invalido'\n}).as('postUsers');\ncy.get('[ng-model$=username]').type('Laura Vieira');\ncy.get('[ng-model$=email]').type('cypress@mail.com');\ncy.get('[ng-model$=password]').type('cypress123');\ncy.contains('button', 'Sign up').click();\ncy.get('.error-messages').should('contain', 'email has already been taken');",
              "err": {},
              "uuid": "7775b7ab-b823-4268-8650-651d89308dc7",
              "parentUUID": "636104c1-0562-4b2d-a45a-618d68fbf505",
              "isHook": false,
              "skipped": false
            }
          ],
          "suites": [],
          "passes": [
            "874b9b23-2172-4322-ae4c-b8ff4843ec1a",
            "7775b7ab-b823-4268-8650-651d89308dc7"
          ],
          "failures": [],
          "pending": [],
          "skipped": [],
          "duration": 6661,
          "root": false,
          "rootEmpty": false,
          "_timeout": 2000
        }
      ],
      "passes": [],
      "failures": [],
      "pending": [],
      "skipped": [],
      "duration": 0,
      "root": true,
      "rootEmpty": true,
      "_timeout": 2000
    }
  ],
  "meta": {
    "mocha": {
      "version": "7.0.1"
    },
    "mochawesome": {
      "options": {
        "quiet": true,
        "reportFilename": "mochawesome",
        "saveHtml": false,
        "saveJson": true,
        "consoleReporter": "spec",
        "useInlineDiffs": false,
        "code": true
      },
      "version": "7.0.1"
    },
    "marge": {
      "options": {
        "id": "default",
        "reportDir": "mochawesome-report",
        "quiet": true,
        "overwrite": false,
        "html": false,
        "json": true
      },
      "version": "6.0.1"
    }
  }
}